Replace Part A1 ULN2003AN in G:\NewBoat\PCB\NewBoat.SchDoc with ULN2003AN from Lib_zhxtai201405.IntLib
Replace Part BL1 Bluetooth in G:\NewBoat\PCB\NewBoat.SchDoc with Bluetooth from fuhou xu.IntLib
Replace Part C1 Cap Pol in G:\NewBoat\PCB\NewBoat.SchDoc with Cap Pol from fuhou xu.IntLib
Replace Part D1 LED1 in G:\NewBoat\PCB\NewBoat.SchDoc with LED1 from Miscellaneous Devices.IntLib
Replace Part D2 LED1 in G:\NewBoat\PCB\NewBoat.SchDoc with LED1 from Miscellaneous Devices.IntLib
Replace Part D3 LED1 in G:\NewBoat\PCB\NewBoat.SchDoc with LED1 from Miscellaneous Devices.IntLib
Replace Part D4 LED1 in G:\NewBoat\PCB\NewBoat.SchDoc with LED1 from Miscellaneous Devices.IntLib
Replace Part D5 LED1 in G:\NewBoat\PCB\NewBoat.SchDoc with LED1 from Miscellaneous Devices.IntLib
Replace Part D6 LED1 in G:\NewBoat\PCB\NewBoat.SchDoc with LED1 from Miscellaneous Devices.IntLib
Replace Part H1 Button_4 in G:\NewBoat\PCB\NewBoat.SchDoc with Button_4 from fuhou xu.IntLib
Replace Part H2 Button_4 in G:\NewBoat\PCB\NewBoat.SchDoc with Button_4 from fuhou xu.IntLib
Replace Part M1 STM32F103RC-Module in G:\NewBoat\PCB\NewBoat.SchDoc with STM32F103RC-Module from Ä£¿é.SchLib
Replace Part P1 Header 2 in G:\NewBoat\PCB\NewBoat.SchDoc with Header 2 from Miscellaneous Connectors.IntLib
Replace Part P2 Header 2 in G:\NewBoat\PCB\NewBoat.SchDoc with Header 2 from Miscellaneous Connectors.IntLib
Replace Part P3 Header 4H in G:\NewBoat\PCB\NewBoat.SchDoc with Header 4H from Miscellaneous Connectors.IntLib
Replace Part P4 Header 6 in G:\NewBoat\PCB\NewBoat.SchDoc with Header 6 from Miscellaneous Connectors.IntLib
Replace Part P5 Header 6 in G:\NewBoat\PCB\NewBoat.SchDoc with Header 6 from Miscellaneous Connectors.IntLib
Replace Part P6 Header 2 in G:\NewBoat\PCB\NewBoat.SchDoc with Header 2 from Miscellaneous Connectors.IntLib
Replace Part P7 Header 4 in G:\NewBoat\PCB\NewBoat.SchDoc with Header 4 from Miscellaneous Connectors.IntLib
Replace Part P8 Header 4 in G:\NewBoat\PCB\NewBoat.SchDoc with Header 4 from Miscellaneous Connectors.IntLib
Replace Part P9 Header 5 in G:\NewBoat\PCB\NewBoat.SchDoc with Header 5 from Miscellaneous Connectors.IntLib
Replace Part P10 Header 4 in G:\NewBoat\PCB\NewBoat.SchDoc with Header 4 from Miscellaneous Connectors.IntLib
Replace Part P11 Header 8 in G:\NewBoat\PCB\NewBoat.SchDoc with Header 8 from Miscellaneous Connectors.IntLib
Replace Part P12 Header 6 in G:\NewBoat\PCB\NewBoat.SchDoc with Header 6 from Miscellaneous Connectors.IntLib
Replace Part P13 Header 6 in G:\NewBoat\PCB\NewBoat.SchDoc with Header 6 from Miscellaneous Connectors.IntLib
Replace Part P14 Header 6 in G:\NewBoat\PCB\NewBoat.SchDoc with Header 6 from Miscellaneous Connectors.IntLib
Replace Part P15 Header 4 in G:\NewBoat\PCB\NewBoat.SchDoc with Header 4 from Miscellaneous Connectors.IntLib
Replace Part P16 Header 4 in G:\NewBoat\PCB\NewBoat.SchDoc with Header 4 from Miscellaneous Connectors.IntLib
Replace Part P17 Header 3 in G:\NewBoat\PCB\NewBoat.SchDoc with Header 3 from Miscellaneous Connectors.IntLib
Replace Part R1 Res2 in G:\NewBoat\PCB\NewBoat.SchDoc with Res2 from fuhou xu.IntLib
Replace Part R2 Res2 in G:\NewBoat\PCB\NewBoat.SchDoc with Res2 from fuhou xu.IntLib
Replace Part R3 Res2 in G:\NewBoat\PCB\NewBoat.SchDoc with Res2 from fuhou xu.IntLib
Replace Part R4 Res2 in G:\NewBoat\PCB\NewBoat.SchDoc with Res2 from fuhou xu.IntLib
Replace Part R5 Res2 in G:\NewBoat\PCB\NewBoat.SchDoc with Res2 from fuhou xu.IntLib
Replace Part R6 Res1 in G:\NewBoat\PCB\NewBoat.SchDoc with Res1 from Miscellaneous Devices.IntLib
Replace Part R7 Res2 in G:\NewBoat\PCB\NewBoat.SchDoc with Res2 from fuhou xu.IntLib
Replace Part R8 Res1 in G:\NewBoat\PCB\NewBoat.SchDoc with Res1 from Miscellaneous Devices.IntLib
Replace Part R9 Res1 in G:\NewBoat\PCB\NewBoat.SchDoc with Res1 from Miscellaneous Devices.IntLib
Replace Part R10 Res2 in G:\NewBoat\PCB\NewBoat.SchDoc with Res2 from fuhou xu.IntLib
Replace Part S1 Switch-6 in G:\NewBoat\PCB\NewBoat.SchDoc with Switch-6 from fuhou xu.IntLib
