Removed Pin From Net: NetName=X1 Pin=P9-1
Removed Pin From Net: NetName=X2 Pin=P9-2
Removed Pin From Net: NetName=X3 Pin=P9-3
Removed Pin From Net: NetName=X4 Pin=P9-4
Removed Pin From Net: NetName=X5 Pin=P9-5
Removed Pin From Net: NetName=TXD2 Pin=P12-1
Removed Pin From Net: NetName=RXD2 Pin=P12-2
Removed Pin From Net: NetName=LED_T1 Pin=P12-3
Removed Pin From Net: NetName=LED_T2 Pin=P12-4
Removed Pin From Net: NetName=INT1 Pin=P12-5
Removed Pin From Net: NetName=INT2 Pin=P12-6
Removed Pin From Net: NetName=A8 Pin=P13-1
Removed Pin From Net: NetName=TXD1 Pin=P13-2
Removed Pin From Net: NetName=RXD1 Pin=P13-3
Removed Pin From Net: NetName=A11 Pin=P13-4
Removed Pin From Net: NetName=A12 Pin=P13-5
Removed Pin From Net: NetName=A15 Pin=P13-6
Removed Pin From Net: NetName=X6 Pin=P14-1
Removed Pin From Net: NetName=X7 Pin=P14-2
Removed Pin From Net: NetName=X8 Pin=P14-3
Removed Pin From Net: NetName=X9 Pin=P14-4
Removed Pin From Net: NetName=X10 Pin=P14-5
Removed Pin From Net: NetName=X11 Pin=P14-6
Removed Member From Class: ClassName=NewBoat Member=P9
Removed Member From Class: ClassName=NewBoat Member=P12
Removed Member From Class: ClassName=NewBoat Member=P13
Removed Member From Class: ClassName=NewBoat Member=P14
Added Room: Name=NewBoat
