Removed Pin From Net: NetName=+5 Pin=P4-1
Removed Pin From Net: NetName=+5 Pin=P4-2
Removed Pin From Net: NetName=+5 Pin=P4-3
Removed Pin From Net: NetName=+5 Pin=P4-4
Removed Pin From Net: NetName=+5 Pin=P4-5
Removed Pin From Net: NetName=+5 Pin=P4-6
Removed Pin From Net: NetName=GND Pin=P5-1
Removed Pin From Net: NetName=GND Pin=P5-2
Removed Pin From Net: NetName=GND Pin=P5-3
Removed Pin From Net: NetName=GND Pin=P5-4
Removed Pin From Net: NetName=GND Pin=P5-5
Removed Pin From Net: NetName=GND Pin=P5-6
Removed Member From Class: ClassName=NewBoat Member=P4
Removed Member From Class: ClassName=NewBoat Member=P5
Added Component: Designator=P?(HDR2X6)
Add component. Clean all parameters for all variants
Add component (AddParameter): Name = "LatestRevisionDate"; Value = "17-Jul-2002"; VariantName = "[No Variations]"
Add component (AddParameter): Name = "LatestRevisionNote"; Value = "Re-released for DXP Platform."; VariantName = "[No Variations]"
Add component (AddParameter): Name = "Publisher"; Value = "Altium Limited"; VariantName = "[No Variations]"
Added Pin To Net: NetName=+5 Pin=P?-1
Added Pin To Net: NetName=GND Pin=P?-2
Added Pin To Net: NetName=+5 Pin=P?-3
Added Pin To Net: NetName=GND Pin=P?-4
Added Pin To Net: NetName=+5 Pin=P?-5
Added Pin To Net: NetName=GND Pin=P?-6
Added Pin To Net: NetName=+5 Pin=P?-7
Added Pin To Net: NetName=GND Pin=P?-8
Added Pin To Net: NetName=+5 Pin=P?-9
Added Pin To Net: NetName=GND Pin=P?-10
Added Pin To Net: NetName=+5 Pin=P?-11
Added Pin To Net: NetName=GND Pin=P?-12
Added Member To Class: ClassName=NewBoat Member=Component P? Header 6X2
Added Room: Name=NewBoat
